<?xml version="1.0" encoding="UTF-8"?>
<robot generator="Robot 7.1.1 (Python 3.12.7 on win32)" generated="2025-02-28T03:45:44.826015" rpa="false" schemaversion="5">
<suite id="s1" name="Testcase" source="E:\Learn &amp; Tools\ROBOTFRAMEWORK with  GIT\ROBOT_FRAMEWORK\testcase.robot">
<test id="s1-t1" name="Open Parabank In Chrome" line="20">
<kw name="Open Browser" owner="SeleniumLibrary">
<msg time="2025-02-28T03:45:46.128129" level="INFO">Opening browser 'chrome' to base url 'https://parabank.parasoft.com/parabank/index.htm'.</msg>
<msg time="2025-02-28T03:45:48.979876" level="WARN">The chromedriver version (113.0.5672.63) detected in PATH at E:\JAVA\DRIVERS\chromedriver\chromedriver.exe might not be compatible with the detected chrome version (133.0.6943.142); currently, chromedriver 133.0.6943.141 is recommended for chrome 133.*, so it is advised to delete the driver in PATH and retry</msg>
<msg time="2025-02-28T03:45:54.032206" level="INFO">Cannot capture screenshot because no browser is open.</msg>
<msg time="2025-02-28T03:45:54.032206" level="FAIL">SessionNotCreatedException: Message: session not created: This version of ChromeDriver only supports Chrome version 113
Current browser version is 133.0.6943.142 with binary path C:\Program Files\Google\Chrome\Application\chrome.exe
Stacktrace:
Backtrace:
	GetHandleVerifier [0x004A8893+48451]
	(No symbol) [0x0043B8A1]
	(No symbol) [0x00345058]
	(No symbol) [0x00365D9C]
	(No symbol) [0x00361AA3]
	(No symbol) [0x00360019]
	(No symbol) [0x00390798]
	(No symbol) [0x0039047C]
	(No symbol) [0x0038A0B6]
	(No symbol) [0x00367E08]
	(No symbol) [0x00368F2D]
	GetHandleVerifier [0x00708E3A+2540266]
	GetHandleVerifier [0x00748959+2801161]
	GetHandleVerifier [0x0074295C+2776588]
	GetHandleVerifier [0x00532280+612144]
	(No symbol) [0x00444F6C]
	(No symbol) [0x004411D8]
	(No symbol) [0x004412BB]
	(No symbol) [0x00434857]
	BaseThreadInitThunk [0x768FFCC9+25]
	RtlGetAppContainerNamedObjectPath [0x774582AE+286]
	RtlGetAppContainerNamedObjectPath [0x7745827E+238]
</msg>
<arg>${URL}</arg>
<arg>${BROWSER}</arg>
<doc>Opens a new browser instance to the optional ``url``.</doc>
<status status="FAIL" start="2025-02-28T03:45:46.127105" elapsed="8.219517">SessionNotCreatedException: Message: session not created: This version of ChromeDriver only supports Chrome version 113
Current browser version is 133.0.6943.142 with binary path C:\Program Files\Google\Chrome\Application\chrome.exe
Stacktrace:
Backtrace:
	GetHandleVerifier [0x004A8893+48451]
	(No symbol) [0x0043B8A1]
	(No symbol) [0x00345058]
	(No symbol) [0x00365D9C]
	(No symbol) [0x00361AA3]
	(No symbol) [0x00360019]
	(No symbol) [0x00390798]
	(No symbol) [0x0039047C]
	(No symbol) [0x0038A0B6]
	(No symbol) [0x00367E08]
	(No symbol) [0x00368F2D]
	GetHandleVerifier [0x00708E3A+2540266]
	GetHandleVerifier [0x00748959+2801161]
	GetHandleVerifier [0x0074295C+2776588]
	GetHandleVerifier [0x00532280+612144]
	(No symbol) [0x00444F6C]
	(No symbol) [0x004411D8]
	(No symbol) [0x004412BB]
	(No symbol) [0x00434857]
	BaseThreadInitThunk [0x768FFCC9+25]
	RtlGetAppContainerNamedObjectPath [0x774582AE+286]
	RtlGetAppContainerNamedObjectPath [0x7745827E+238]
</status>
</kw>
<kw name="Maximize Browser Window" owner="SeleniumLibrary">
<doc>Maximizes current browser window.</doc>
<status status="NOT RUN" start="2025-02-28T03:45:54.347630" elapsed="0.000000"/>
</kw>
<kw name="Sleep" owner="BuiltIn">
<arg>3s</arg>
<doc>Pauses the test executed for the given time.</doc>
<status status="NOT RUN" start="2025-02-28T03:45:54.347630" elapsed="0.000000"/>
</kw>
<kw name="Close Browser" owner="SeleniumLibrary">
<doc>Closes the current browser.</doc>
<status status="NOT RUN" start="2025-02-28T03:45:54.348620" elapsed="0.000000"/>
</kw>
<status status="FAIL" start="2025-02-28T03:45:46.126089" elapsed="8.222531">SessionNotCreatedException: Message: session not created: This version of ChromeDriver only supports Chrome version 113
Current browser version is 133.0.6943.142 with binary path C:\Program Files\Google\Chrome\Application\chrome.exe
Stacktrace:
Backtrace:
	GetHandleVerifier [0x004A8893+48451]
	(No symbol) [0x0043B8A1]
	(No symbol) [0x00345058]
	(No symbol) [0x00365D9C]
	(No symbol) [0x00361AA3]
	(No symbol) [0x00360019]
	(No symbol) [0x00390798]
	(No symbol) [0x0039047C]
	(No symbol) [0x0038A0B6]
	(No symbol) [0x00367E08]
	(No symbol) [0x00368F2D]
	GetHandleVerifier [0x00708E3A+2540266]
	GetHandleVerifier [0x00748959+2801161]
	GetHandleVerifier [0x0074295C+2776588]
	GetHandleVerifier [0x00532280+612144]
	(No symbol) [0x00444F6C]
	(No symbol) [0x004411D8]
	(No symbol) [0x004412BB]
	(No symbol) [0x00434857]
	BaseThreadInitThunk [0x768FFCC9+25]
	RtlGetAppContainerNamedObjectPath [0x774582AE+286]
	RtlGetAppContainerNamedObjectPath [0x7745827E+238]
</status>
</test>
<status status="FAIL" start="2025-02-28T03:45:44.828013" elapsed="9.537612"/>
</suite>
<statistics>
<total>
<stat pass="0" fail="1" skip="0">All Tests</stat>
</total>
<tag>
</tag>
<suite>
<stat pass="0" fail="1" skip="0" id="s1" name="Testcase">Testcase</stat>
</suite>
</statistics>
<errors>
<msg time="2025-02-28T03:45:48.979876" level="WARN">The chromedriver version (113.0.5672.63) detected in PATH at E:\JAVA\DRIVERS\chromedriver\chromedriver.exe might not be compatible with the detected chrome version (133.0.6943.142); currently, chromedriver 133.0.6943.141 is recommended for chrome 133.*, so it is advised to delete the driver in PATH and retry</msg>
</errors>
</robot>
